Flow report for DE2_115_SD_Card_Audio_Player
Sat Dec 06 01:00:34 2014
Quartus II 64-Bit Version 13.0.1 Build 232 06/12/2013 Service Pack 1 SJ Full Version


---------------------
; Table of Contents ;
---------------------
  1. Legal Notice
  2. Flow Summary
  3. Flow Settings
  4. Flow Non-Default Global Settings
  5. Flow Elapsed Time
  6. Flow OS Summary
  7. Flow Log
  8. Flow Messages
  9. Flow Suppressed Messages



----------------
; Legal Notice ;
----------------
Copyright (C) 1991-2013 Altera Corporation
Your use of Altera Corporation's design tools, logic functions 
and other software and tools, and its AMPP partner logic 
functions, and any output files from any of the foregoing 
(including device programming or simulation files), and any 
associated documentation or information are expressly subject 
to the terms and conditions of the Altera Program License 
Subscription Agreement, Altera MegaCore Function License 
Agreement, or other applicable license agreement, including, 
without limitation, that your use is for the sole purpose of 
programming logic devices manufactured by Altera and sold by 
Altera or its authorized distributors.  Please refer to the 
applicable agreement for further details.



+---------------------------------------------------------------------------------------+
; Flow Summary                                                                          ;
+------------------------------------+--------------------------------------------------+
; Flow Status                        ; Successful - Sat Dec 06 01:00:20 2014            ;
; Quartus II 64-Bit Version          ; 13.0.1 Build 232 06/12/2013 SP 1 SJ Full Version ;
; Revision Name                      ; DE2_115_SD_Card_Audio_Player                     ;
; Top-level Entity Name              ; DE2_115_SD_Card_Audio_Player                     ;
; Family                             ; Cyclone IV E                                     ;
; Device                             ; EP4CE115F29C7                                    ;
; Timing Models                      ; Final                                            ;
; Total logic elements               ; 6,042 / 114,480 ( 5 % )                          ;
;     Total combinational functions  ; 5,169 / 114,480 ( 5 % )                          ;
;     Dedicated logic registers      ; 3,665 / 114,480 ( 3 % )                          ;
; Total registers                    ; 3852                                             ;
; Total pins                         ; 525 / 529 ( 99 % )                               ;
; Total virtual pins                 ; 0                                                ;
; Total memory bits                  ; 2,187,776 / 3,981,312 ( 55 % )                   ;
; Embedded Multiplier 9-bit elements ; 4 / 532 ( < 1 % )                                ;
; Total PLLs                         ; 2 / 4 ( 50 % )                                   ;
+------------------------------------+--------------------------------------------------+


+--------------------------------------------------+
; Flow Settings                                    ;
+-------------------+------------------------------+
; Option            ; Setting                      ;
+-------------------+------------------------------+
; Start date & time ; 12/06/2014 00:57:55          ;
; Main task         ; Compilation                  ;
; Revision Name     ; DE2_115_SD_Card_Audio_Player ;
+-------------------+------------------------------+


+--------------------------------------------------------------------------------------------------------------------------------------------------------------------------------+
; Flow Non-Default Global Settings                                                                                                                                               ;
+-------------------------------------+-----------------------------------------------------------------------------------------------+---------------+-------------+------------+
; Assignment Name                     ; Value                                                                                         ; Default Value ; Entity Name ; Section Id ;
+-------------------------------------+-----------------------------------------------------------------------------------------------+---------------+-------------+------------+
; COMPILER_SIGNATURE_ID               ; 37488817281699.141784547507384                                                                ; --            ; --          ; --         ;
; MAX_CORE_JUNCTION_TEMP              ; 85                                                                                            ; --            ; --          ; --         ;
; MIN_CORE_JUNCTION_TEMP              ; 0                                                                                             ; --            ; --          ; --         ;
; MISC_FILE                           ; D:/svn/de2_115_golden_sopc/de2_115_golden_sopc.dpf                                            ; --            ; --          ; --         ;
; MISC_FILE                           ; D:/Document/de2c4/de2_115_golden_sopc/de2_115_golden_sopc.dpf                                 ; --            ; --          ; --         ;
; MISC_FILE                           ; D:/Projects/DE2C4/trunk/test/de2_115_golden_sopc/de2_115_golden_sopc.dpf                      ; --            ; --          ; --         ;
; MISC_FILE                           ; E:/SVN/DE2_115/trunk/test/de2_115_golden_sopc/de2_115_golden_sopc.dpf                         ; --            ; --          ; --         ;
; MISC_FILE                           ; D:/NIOS_II/DE2_115_SD_Card_Audio_Player/DE2_115_SD_Card_Audio_Player.dpf                      ; --            ; --          ; --         ;
; MISC_FILE                           ; E:/SVN/DE2_115/trunk/ref_design/DE2_115_SD_Card_Audio_Player/DE2_115_SD_Card_Audio_Player.dpf ; --            ; --          ; --         ;
; NOMINAL_CORE_SUPPLY_VOLTAGE         ; 1.2V                                                                                          ; --            ; --          ; --         ;
; NUM_PARALLEL_PROCESSORS             ; 2                                                                                             ; --            ; --          ; --         ;
; PARTITION_COLOR                     ; 16764057                                                                                      ; --            ; --          ; Top        ;
; PARTITION_FITTER_PRESERVATION_LEVEL ; PLACEMENT_AND_ROUTING                                                                         ; --            ; --          ; Top        ;
; PARTITION_NETLIST_TYPE              ; SOURCE                                                                                        ; --            ; --          ; Top        ;
; SMART_RECOMPILE                     ; On                                                                                            ; Off           ; --          ; --         ;
; SOPC_BUILDER_SIGNATURE_ID           ; E0cb4ec8057900000129abd51eb3                                                                  ; --            ; --          ; --         ;
+-------------------------------------+-----------------------------------------------------------------------------------------------+---------------+-------------+------------+


+-------------------------------------------------------------------------------------------------------------------------------+
; Flow Elapsed Time                                                                                                             ;
+---------------------------+--------------+-------------------------+---------------------+------------------------------------+
; Module Name               ; Elapsed Time ; Average Processors Used ; Peak Virtual Memory ; Total CPU Time (on all processors) ;
+---------------------------+--------------+-------------------------+---------------------+------------------------------------+
; Analysis & Synthesis      ; 00:00:34     ; 1.0                     ; 659 MB              ; 00:00:34                           ;
; Fitter                    ; 00:01:35     ; 1.4                     ; 1292 MB             ; 00:01:57                           ;
; Assembler                 ; 00:00:07     ; 1.0                     ; 481 MB              ; 00:00:08                           ;
; TimeQuest Timing Analyzer ; 00:00:12     ; 1.2                     ; 680 MB              ; 00:00:14                           ;
; Total                     ; 00:02:28     ; --                      ; --                  ; 00:02:53                           ;
+---------------------------+--------------+-------------------------+---------------------+------------------------------------+


+----------------------------------------------------------------------------------------+
; Flow OS Summary                                                                        ;
+---------------------------+------------------+-----------+------------+----------------+
; Module Name               ; Machine Hostname ; OS Name   ; OS Version ; Processor type ;
+---------------------------+------------------+-----------+------------+----------------+
; Analysis & Synthesis      ; GuanJ-PC         ; Windows 7 ; 6.1        ; x86_64         ;
; Fitter                    ; GuanJ-PC         ; Windows 7 ; 6.1        ; x86_64         ;
; Assembler                 ; GuanJ-PC         ; Windows 7 ; 6.1        ; x86_64         ;
; TimeQuest Timing Analyzer ; GuanJ-PC         ; Windows 7 ; 6.1        ; x86_64         ;
+---------------------------+------------------+-----------+------------+----------------+


------------
; Flow Log ;
------------
quartus_map --read_settings_files=on --write_settings_files=off DE2_115_SD_Card_Audio_Player -c DE2_115_SD_Card_Audio_Player
quartus_fit --read_settings_files=off --write_settings_files=off DE2_115_SD_Card_Audio_Player -c DE2_115_SD_Card_Audio_Player
quartus_asm --read_settings_files=off --write_settings_files=off DE2_115_SD_Card_Audio_Player -c DE2_115_SD_Card_Audio_Player
quartus_sta DE2_115_SD_Card_Audio_Player -c DE2_115_SD_Card_Audio_Player



